<?xml version="1.0" encoding="UTF-8"?>
<testng-results ignored="0" total="1" passed="1" failed="0" skipped="0">
  <reporter-output>
  </reporter-output>
  <suite started-at="2024-08-01T15:32:03 IST" name="Default suite" finished-at="2024-08-01T15:32:17 IST" duration-ms="13840">
    <groups>
    </groups>
    <test started-at="2024-08-01T15:32:03 IST" name="Default test" finished-at="2024-08-01T15:32:17 IST" duration-ms="13840">
      <class name="Formy.Test.CheckboxesTest">
        <test-method is-config="true" signature="setUp()[pri:0, instance:Formy.Test.CheckboxesTest@1acaf3d]" started-at="2024-08-01T15:32:03 IST" name="setUp" finished-at="2024-08-01T15:32:09 IST" duration-ms="6679" status="PASS">
          <reporter-output>
          </reporter-output>
        </test-method> <!-- setUp -->
        <test-method signature="checkbox()[pri:0, instance:Formy.Test.CheckboxesTest@1acaf3d]" started-at="2024-08-01T15:32:09 IST" name="checkbox" finished-at="2024-08-01T15:32:16 IST" duration-ms="6535" status="PASS">
          <reporter-output>
          </reporter-output>
        </test-method> <!-- checkbox -->
        <test-method is-config="true" signature="tearDown()[pri:0, instance:Formy.Test.CheckboxesTest@1acaf3d]" started-at="2024-08-01T15:32:16 IST" name="tearDown" finished-at="2024-08-01T15:32:17 IST" duration-ms="530" status="PASS">
          <reporter-output>
          </reporter-output>
        </test-method> <!-- tearDown -->
      </class> <!-- Formy.Test.CheckboxesTest -->
    </test> <!-- Default test -->
  </suite> <!-- Default suite -->
</testng-results>
